<?xml version='1.0' encoding='UTF-8'?>
<testsuite hostname="Devidattas-MacBook-Pro.local" name="com.xite.ShortUrlCodeServiceSpec" tests="1" errors="0" failures="0" skipped="0" time="0.099" timestamp="2022-02-08T15:37:28">
          <properties>
[...]
</properties>
          <testcase classname="com.xite.ShortUrlCodeServiceSpec" name="ShortUrlCodeService should correctly parse the code" time="0.099">
                      
                    </testcase>
          <system-out><![CDATA[]]></system-out>
          <system-err><![CDATA[]]></system-err>
        </testsuite>